<?xml version="1.0" encoding="UTF-8"?>
<!-- Generated by org.testng.reporters.JUnitReportReporter -->
<testsuite skipped="0" hostname="FIPC" name="TestNGtests.TestNGParametersDemo" tests="1" failures="0" timestamp="09 Oct 2018 14:10:25 GMT" time="0.013" errors="0">
  <testcase name="test" time="0.013" classname="TestNGtests.TestNGParametersDemo"/>
</testsuite> <!-- TestNGtests.TestNGParametersDemo -->
