<?xml version="1.0" encoding="UTF-8"?>
<!-- Generated by org.testng.reporters.JUnitReportReporter -->
<testsuite skipped="0" hostname="FIPC" name="TestNGtests.TestNGTestCase2" tests="1" failures="0" timestamp="07 Oct 2018 02:41:44 GMT" time="9.109" errors="0">
  <testcase name="testBrowser2" time="9.109" classname="TestNGtests.TestNGTestCase2"/>
</testsuite> <!-- TestNGtests.TestNGTestCase2 -->
