<?xml version="1.0" encoding="UTF-8"?>
<!-- Generated by org.testng.reporters.JUnitReportReporter -->
<testsuite skipped="0" hostname="FIPC" name="TestNGtests.TestNGKatalonRecordDemo" tests="1" failures="0" timestamp="09 Oct 2018 15:26:19 GMT" time="3.151" errors="0">
  <testcase name="testUntitledTestCase" time="3.151" classname="TestNGtests.TestNGKatalonRecordDemo"/>
</testsuite> <!-- TestNGtests.TestNGKatalonRecordDemo -->
