<?xml version="1.0" encoding="UTF-8"?>
<!-- Generated by org.testng.reporters.JUnitReportReporter -->
<testsuite skipped="0" hostname="FIPC" name="TestNGtests.TestNGDependencyDemo" tests="2" failures="0" timestamp="09 Oct 2018 14:19:43 GMT" time="0.018" errors="0">
  <testcase name="test1" time="0.002" classname="TestNGtests.TestNGDependencyDemo"/>
  <testcase name="test2" time="0.016" classname="TestNGtests.TestNGDependencyDemo"/>
</testsuite> <!-- TestNGtests.TestNGDependencyDemo -->
