<?xml version="1.0" encoding="UTF-8"?>
<!-- Generated by org.testng.reporters.JUnitReportReporter -->
<testsuite skipped="0" hostname="FIPC" name="utils.ExcelDataProvider" tests="3" failures="0" timestamp="08 Oct 2018 18:55:05 GMT" time="13.999" errors="0">
  <testcase name="test1" time="4.586" classname="utils.ExcelDataProvider"/>
  <testcase name="test1" time="4.700" classname="utils.ExcelDataProvider"/>
  <testcase name="test1" time="4.713" classname="utils.ExcelDataProvider"/>
</testsuite> <!-- utils.ExcelDataProvider -->
