<?xml version="1.0" encoding="UTF-8"?>
<!-- Generated by org.testng.reporters.JUnitReportReporter -->
<testsuite skipped="0" hostname="FIPC" name="TestNGtests.TestNGTjzoideDemo" tests="1" failures="0" timestamp="09 Oct 2018 16:03:11 GMT" time="12.065" errors="0">
  <testcase name="testNGTjzoideDemo" time="12.065" classname="TestNGtests.TestNGTjzoideDemo"/>
</testsuite> <!-- TestNGtests.TestNGTjzoideDemo -->
