<?xml version="1.0" encoding="UTF-8"?>
<!-- Generated by org.testng.reporters.JUnitReportReporter -->
<testsuite skipped="0" hostname="FIPC" name="TestNGtests.TestNGKatalonGoogleDemo" tests="1" failures="0" timestamp="09 Oct 2018 15:29:55 GMT" time="4.170" errors="0">
  <testcase name="testNGKatalonGoogleDemo" time="4.170" classname="TestNGtests.TestNGKatalonGoogleDemo"/>
</testsuite> <!-- TestNGtests.TestNGKatalonGoogleDemo -->
