<?xml version="1.0" encoding="UTF-8"?>
<!-- Generated by org.testng.reporters.JUnitReportReporter -->
<testsuite skipped="0" hostname="FIPC" name="TestNGtests.TestNGTestCase1" tests="2" failures="0" timestamp="07 Oct 2018 02:41:44 GMT" time="15.161" errors="0">
  <testcase name="testBrowser" time="8.825" classname="TestNGtests.TestNGTestCase1"/>
  <testcase name="testBrowser2" time="6.336" classname="TestNGtests.TestNGTestCase1"/>
</testsuite> <!-- TestNGtests.TestNGTestCase1 -->
