<?xml version="1.0" encoding="UTF-8"?>
<!-- Generated by org.testng.reporters.JUnitReportReporter -->
<testsuite skipped="0" hostname="FIPC" name="TestNGtests.TestNGMultiBrowserDemo" tests="3" failures="0" timestamp="09 Oct 2018 03:52:26 GMT" time="6.096" errors="0">
  <testcase name="test1" time="2.289" classname="TestNGtests.TestNGMultiBrowserDemo"/>
  <testcase name="test1" time="1.800" classname="TestNGtests.TestNGMultiBrowserDemo"/>
  <testcase name="test1" time="2.007" classname="TestNGtests.TestNGMultiBrowserDemo"/>
</testsuite> <!-- TestNGtests.TestNGMultiBrowserDemo -->
