<?xml version="1.0" encoding="UTF-8"?>
<!-- Generated by org.testng.reporters.JUnitReportReporter -->
<testsuite skipped="0" hostname="FIPC" name="TestNGtests.TestNGGroupDemo" tests="6" failures="0" timestamp="09 Oct 2018 14:35:05 GMT" time="0.017" errors="0">
  <testcase name="test5" time="0.001" classname="TestNGtests.TestNGGroupDemo"/>
  <testcase name="test3" time="0.001" classname="TestNGtests.TestNGGroupDemo"/>
  <testcase name="test1" time="0.011" classname="TestNGtests.TestNGGroupDemo"/>
  <testcase name="test2" time="0.002" classname="TestNGtests.TestNGGroupDemo"/>
  <testcase name="test6" time="0.001" classname="TestNGtests.TestNGGroupDemo"/>
  <testcase name="test4" time="0.001" classname="TestNGtests.TestNGGroupDemo"/>
</testsuite> <!-- TestNGtests.TestNGGroupDemo -->
