<?xml version="1.0" encoding="UTF-8"?>
<!-- Generated by org.testng.reporters.JUnitReportReporter -->
<testsuite skipped="1" hostname="FIPC" name="listeners.TestNGListenerDemo" tests="3" failures="0" timestamp="08 Oct 2018 21:16:17 GMT" time="0.015" errors="0">
  <testcase name="test3" time="0.001" classname="listeners.TestNGListenerDemo">
    <skipped/>
  </testcase> <!-- test3 -->
  <testcase name="test2" time="0.002" classname="listeners.TestNGListenerDemo"/>
  <testcase name="test1" time="0.012" classname="listeners.TestNGListenerDemo"/>
</testsuite> <!-- listeners.TestNGListenerDemo -->
