<?xml version="1.0" encoding="UTF-8"?>
<!-- Generated by org.testng.reporters.JUnitReportReporter -->
<testsuite skipped="1" hostname="FIPC" name="listeners.TestNGListenerDemo2" tests="3" failures="0" timestamp="09 Oct 2018 02:47:32 GMT" time="0.016" errors="0">
  <testcase name="test23" time="0.002" classname="listeners.TestNGListenerDemo2">
    <skipped/>
  </testcase> <!-- test23 -->
  <testcase name="atest22" time="0.012" classname="listeners.TestNGListenerDemo2"/>
  <testcase name="test21" time="0.002" classname="listeners.TestNGListenerDemo2"/>
</testsuite> <!-- listeners.TestNGListenerDemo2 -->
